<?xml version="1.0" encoding="utf-8"?><testsuites><testsuite errors="0" failures="0" hostname="Lukes-MacBook-Pro-3.local" name="pytest" skipped="0" tests="24" time="1.805" timestamp="2020-04-11T17:37:30.956192"><testcase classname="tests.handlers.test_auth_handler.TestAuthHandler" file="tests/handlers/test_auth_handler.py" line="178" name="test_admin_admin_valid_jwt" time="0.065"></testcase><testcase classname="tests.handlers.test_auth_handler.TestAuthHandler" file="tests/handlers/test_auth_handler.py" line="188" name="test_admin_basic_valid_jwt" time="0.064"></testcase><testcase classname="tests.handlers.test_auth_handler.TestAuthHandler" file="tests/handlers/test_auth_handler.py" line="232" name="test_admin_invalid_jwt_no_authorities" time="0.060"></testcase><testcase classname="tests.handlers.test_auth_handler.TestAuthHandler" file="tests/handlers/test_auth_handler.py" line="198" name="test_admin_invalid_jwt_no_expires" time="0.060"></testcase><testcase classname="tests.handlers.test_auth_handler.TestAuthHandler" file="tests/handlers/test_auth_handler.py" line="222" name="test_admin_invalid_jwt_no_id" time="0.060"></testcase><testcase classname="tests.handlers.test_auth_handler.TestAuthHandler" file="tests/handlers/test_auth_handler.py" line="246" name="test_admin_invalid_jwt_no_issuedAt" time="0.060"></testcase><testcase classname="tests.handlers.test_auth_handler.TestAuthHandler" file="tests/handlers/test_auth_handler.py" line="210" name="test_admin_invalid_jwt_no_username" time="0.060"></testcase><testcase classname="tests.handlers.test_auth_handler.TestAuthHandler" file="tests/handlers/test_auth_handler.py" line="258" name="test_admin_invalid_jwt_wrong_secret" time="0.060"></testcase><testcase classname="tests.handlers.test_auth_handler.TestAuthHandler" file="tests/handlers/test_auth_handler.py" line="273" name="test_admin_unexpected_exception" time="0.060"></testcase><testcase classname="tests.handlers.test_auth_handler.TestAuthHandler" file="tests/handlers/test_auth_handler.py" line="78" name="test_basic_admin_valid_jwt" time="0.060"></testcase><testcase classname="tests.handlers.test_auth_handler.TestAuthHandler" file="tests/handlers/test_auth_handler.py" line="88" name="test_basic_basic_valid_jwt" time="0.061"></testcase><testcase classname="tests.handlers.test_auth_handler.TestAuthHandler" file="tests/handlers/test_auth_handler.py" line="132" name="test_basic_invalid_jwt_no_authorities" time="0.060"></testcase><testcase classname="tests.handlers.test_auth_handler.TestAuthHandler" file="tests/handlers/test_auth_handler.py" line="98" name="test_basic_invalid_jwt_no_expires" time="0.060"></testcase><testcase classname="tests.handlers.test_auth_handler.TestAuthHandler" file="tests/handlers/test_auth_handler.py" line="122" name="test_basic_invalid_jwt_no_id" time="0.060"></testcase><testcase classname="tests.handlers.test_auth_handler.TestAuthHandler" file="tests/handlers/test_auth_handler.py" line="146" name="test_basic_invalid_jwt_no_issuedAt" time="0.060"></testcase><testcase classname="tests.handlers.test_auth_handler.TestAuthHandler" file="tests/handlers/test_auth_handler.py" line="110" name="test_basic_invalid_jwt_no_username" time="0.060"></testcase><testcase classname="tests.handlers.test_auth_handler.TestAuthHandler" file="tests/handlers/test_auth_handler.py" line="158" name="test_basic_invalid_jwt_wrong_secret" time="0.060"></testcase><testcase classname="tests.handlers.test_auth_handler.TestAuthHandler" file="tests/handlers/test_auth_handler.py" line="173" name="test_basic_unexpected_exception" time="0.060"></testcase><testcase classname="tests.handlers.test_auth_handler.TestAuthHandler" file="tests/handlers/test_auth_handler.py" line="278" name="test_get_refresh_token" time="0.060"></testcase><testcase classname="tests.handlers.test_auth_handler.TestAuthHandler" file="tests/handlers/test_auth_handler.py" line="308" name="test_login_invalid_credentials" time="0.117"></testcase><testcase classname="tests.handlers.test_auth_handler.TestAuthHandler" file="tests/handlers/test_auth_handler.py" line="290" name="test_login_valid_credentials" time="0.119"></testcase><testcase classname="tests.utils.test_handler_utils.TestHandlerUtils" file="tests/utils/test_handler_utils.py" line="27" name="test_no_setup_logger" time="0.001"></testcase><testcase classname="tests.utils.test_handler_utils.TestHandlerUtils" file="tests/utils/test_handler_utils.py" line="15" name="test_setup_logger_false" time="0.001"></testcase><testcase classname="tests.utils.test_handler_utils.TestHandlerUtils" file="tests/utils/test_handler_utils.py" line="20" name="test_setup_logger_true" time="0.001"></testcase></testsuite></testsuites>