<?xml version="1.0" encoding="utf-8"?><testsuites><testsuite errors="0" failures="0" hostname="Lukes-MacBook-Pro-3.local" name="pytest" skipped="0" tests="23" time="0.392" timestamp="2020-04-10T11:52:23.435733"><testcase classname="tests.test_auth_handler.TestAuthHandler" file="tests/test_auth_handler.py" line="152" name="test_admin_admin_valid_jwt" time="0.003"></testcase><testcase classname="tests.test_auth_handler.TestAuthHandler" file="tests/test_auth_handler.py" line="162" name="test_admin_basic_valid_jwt" time="0.001"></testcase><testcase classname="tests.test_auth_handler.TestAuthHandler" file="tests/test_auth_handler.py" line="206" name="test_admin_invalid_jwt_no_authorities" time="0.001"></testcase><testcase classname="tests.test_auth_handler.TestAuthHandler" file="tests/test_auth_handler.py" line="172" name="test_admin_invalid_jwt_no_expires" time="0.002"></testcase><testcase classname="tests.test_auth_handler.TestAuthHandler" file="tests/test_auth_handler.py" line="196" name="test_admin_invalid_jwt_no_id" time="0.001"></testcase><testcase classname="tests.test_auth_handler.TestAuthHandler" file="tests/test_auth_handler.py" line="220" name="test_admin_invalid_jwt_no_issuedAt" time="0.001"></testcase><testcase classname="tests.test_auth_handler.TestAuthHandler" file="tests/test_auth_handler.py" line="184" name="test_admin_invalid_jwt_no_username" time="0.002"></testcase><testcase classname="tests.test_auth_handler.TestAuthHandler" file="tests/test_auth_handler.py" line="232" name="test_admin_invalid_jwt_wrong_secret" time="0.001"></testcase><testcase classname="tests.test_auth_handler.TestAuthHandler" file="tests/test_auth_handler.py" line="247" name="test_admin_unexpected_exception" time="0.002"></testcase><testcase classname="tests.test_auth_handler.TestAuthHandler" file="tests/test_auth_handler.py" line="52" name="test_basic_admin_valid_jwt" time="0.003"></testcase><testcase classname="tests.test_auth_handler.TestAuthHandler" file="tests/test_auth_handler.py" line="62" name="test_basic_basic_valid_jwt" time="0.004"></testcase><testcase classname="tests.test_auth_handler.TestAuthHandler" file="tests/test_auth_handler.py" line="106" name="test_basic_invalid_jwt_no_authorities" time="0.002"></testcase><testcase classname="tests.test_auth_handler.TestAuthHandler" file="tests/test_auth_handler.py" line="72" name="test_basic_invalid_jwt_no_expires" time="0.001"></testcase><testcase classname="tests.test_auth_handler.TestAuthHandler" file="tests/test_auth_handler.py" line="96" name="test_basic_invalid_jwt_no_id" time="0.001"></testcase><testcase classname="tests.test_auth_handler.TestAuthHandler" file="tests/test_auth_handler.py" line="120" name="test_basic_invalid_jwt_no_issuedAt" time="0.001"></testcase><testcase classname="tests.test_auth_handler.TestAuthHandler" file="tests/test_auth_handler.py" line="84" name="test_basic_invalid_jwt_no_username" time="0.001"></testcase><testcase classname="tests.test_auth_handler.TestAuthHandler" file="tests/test_auth_handler.py" line="132" name="test_basic_invalid_jwt_wrong_secret" time="0.002"></testcase><testcase classname="tests.test_auth_handler.TestAuthHandler" file="tests/test_auth_handler.py" line="147" name="test_basic_unexpected_exception" time="0.003"></testcase><testcase classname="tests.test_auth_handler.TestAuthHandler" file="tests/test_auth_handler.py" line="252" name="test_get_refresh_token" time="0.001"></testcase><testcase classname="tests.utils.test_logging_utils.TestLoggingUtils" file="tests/utils/test_logging_utils.py" line="29" name="test_log_decorator_false" time="0.001"></testcase><testcase classname="tests.utils.test_logging_utils.TestLoggingUtils" file="tests/utils/test_logging_utils.py" line="36" name="test_log_decorator_true" time="0.001"></testcase><testcase classname="tests.utils.test_logging_utils.TestLoggingUtils" file="tests/utils/test_logging_utils.py" line="20" name="test_no_setup_logger" time="0.001"></testcase><testcase classname="tests.utils.test_logging_utils.TestLoggingUtils" file="tests/utils/test_logging_utils.py" line="15" name="test_setup_logger" time="0.001"></testcase></testsuite></testsuites>